Arguments: 
  /usr/local/bin/node /usr/local/bin/yarn

PATH: 
  /usr/local/bin:/usr/bin:/bin:/usr/sbin:/sbin

Yarn version: 
  1.3.2

Node version: 
  8.9.1

Platform: 
  darwin x64

npm manifest: 
  {
    "name": "db-utils",
    "version": "1.0.0",
    "description": "'my javaScript tools'",
    "repository": "git@github.com:dog-fish/db-utils.git",
    "main": "bundle-2.js",
    "scripts": {
      "dev": "rollup -c -w",
    },
    "devDependencies": {
      "babel-core": "^6.26.0",
      "babel-preset-es2015-rollup": "^3.0.0",
      "eslint-config-xp": "^1.1.7",
      "rollup-plugin-babel": "^3.0.3",
      "rollup-plugin-commonjs": "^8.2.6",
      "rollup-plugin-eslint": "^4.0.0",
      "rollup-plugin-node-resolve": "^3.0.2",
      "rollup-plugin-replace": "^2.0.0",
      "rollup-plugin-uglify": "^3.0.0"
    },
    "keywords": [
      "utils"
    ],
    "author": "eightDou",
    "license": "ISC"
  }

yarn manifest: 
  No manifest

Lockfile: 
  No lockfile

Trace: 
  SyntaxError: /Users/zxh/db-utils/package.json: Unexpected token } in JSON at position 213
      at JSON.parse (<anonymous>)
      at /usr/local/lib/node_modules/yarn/lib/cli.js:770:59
      at Generator.next (<anonymous>)
      at step (/usr/local/lib/node_modules/yarn/lib/cli.js:92:30)
      at /usr/local/lib/node_modules/yarn/lib/cli.js:103:13
      at <anonymous>
